This is pdfTeX, Version 3.141592653-2.6-1.40.24 (TeX Live 2022/Debian) (preloaded format=latex 2022.10.24)  24 MAR 2023 16:58
entering extended mode
 restricted \write18 enabled.
 %&-line parsing enabled.
**./jl_t4B0xChmbC.tex
(./jl_t4B0xChmbC.tex
LaTeX2e <2022-06-01> patch level 5
L3 programming layer <2022-07-15>
(/usr/share/texlive/texmf-dist/tex/latex/base/article.cls
Document Class: article 2021/10/04 v1.4n Standard LaTeX document class
(/usr/share/texlive/texmf-dist/tex/latex/base/size10.clo
File: size10.clo 2021/10/04 v1.4n Standard LaTeX file (size option)
)
\c@part=\count185
\c@section=\count186
\c@subsection=\count187
\c@subsubsection=\count188
\c@paragraph=\count189
\c@subparagraph=\count190
\c@figure=\count191
\c@table=\count192
\abovecaptionskip=\skip47
\belowcaptionskip=\skip48
\bibindent=\dimen138
)
(/usr/share/texlive/texmf-dist/tex/latex/amsmath/amsmath.sty
Package: amsmath 2022/04/08 v2.17n AMS math features
\@mathmargin=\skip49

For additional information on amsmath, use the `?' option.
(/usr/share/texlive/texmf-dist/tex/latex/amsmath/amstext.sty
Package: amstext 2021/08/26 v2.01 AMS text

(/usr/share/texlive/texmf-dist/tex/latex/amsmath/amsgen.sty
File: amsgen.sty 1999/11/30 v2.0 generic functions
\@emptytoks=\toks16
\ex@=\dimen139
))
(/usr/share/texlive/texmf-dist/tex/latex/amsmath/amsbsy.sty
Package: amsbsy 1999/11/29 v1.2d Bold Symbols
\pmbraise@=\dimen140
)
(/usr/share/texlive/texmf-dist/tex/latex/amsmath/amsopn.sty
Package: amsopn 2022/04/08 v2.04 operator names
)
\inf@bad=\count193
LaTeX Info: Redefining \frac on input line 234.
\uproot@=\count194
\leftroot@=\count195
LaTeX Info: Redefining \overline on input line 399.
LaTeX Info: Redefining \colon on input line 410.
\classnum@=\count196
\DOTSCASE@=\count197
LaTeX Info: Redefining \ldots on input line 496.
LaTeX Info: Redefining \dots on input line 499.
LaTeX Info: Redefining \cdots on input line 620.
\Mathstrutbox@=\box51
\strutbox@=\box52
LaTeX Info: Redefining \big on input line 722.
LaTeX Info: Redefining \Big on input line 723.
LaTeX Info: Redefining \bigg on input line 724.
LaTeX Info: Redefining \Bigg on input line 725.
\big@size=\dimen141
LaTeX Font Info:    Redeclaring font encoding OML on input line 743.
LaTeX Font Info:    Redeclaring font encoding OMS on input line 744.
\macc@depth=\count198
LaTeX Info: Redefining \bmod on input line 905.
LaTeX Info: Redefining \pmod on input line 910.
LaTeX Info: Redefining \smash on input line 940.
LaTeX Info: Redefining \relbar on input line 970.
LaTeX Info: Redefining \Relbar on input line 971.
\c@MaxMatrixCols=\count199
\dotsspace@=\muskip16
\c@parentequation=\count266
\dspbrk@lvl=\count267
\tag@help=\toks17
\row@=\count268
\column@=\count269
\maxfields@=\count270
\andhelp@=\toks18
\eqnshift@=\dimen142
\alignsep@=\dimen143
\tagshift@=\dimen144
\tagwidth@=\dimen145
\totwidth@=\dimen146
\lineht@=\dimen147
\@envbody=\toks19
\multlinegap=\skip50
\multlinetaggap=\skip51
\mathdisplay@stack=\toks20
LaTeX Info: Redefining \[ on input line 2953.
LaTeX Info: Redefining \] on input line 2954.
)
(/usr/share/texlive/texmf-dist/tex/latex/amsfonts/amssymb.sty
Package: amssymb 2013/01/14 v3.01 AMS font symbols

(/usr/share/texlive/texmf-dist/tex/latex/amsfonts/amsfonts.sty
Package: amsfonts 2013/01/14 v3.01 Basic AMSFonts support
\symAMSa=\mathgroup4
\symAMSb=\mathgroup5
LaTeX Font Info:    Redeclaring math symbol \hbar on input line 98.
LaTeX Font Info:    Overwriting math alphabet `\mathfrak' in version `bold'
(Font)                  U/euf/m/n --> U/euf/b/n on input line 106.
))
(/usr/share/texlive/texmf-dist/tex/latex/l3backend/l3backend-dvips.def
File: l3backend-dvips.def 2022-07-01 L3 backend support: dvips
\l__pdf_internal_box=\box53
\g__pdf_backend_object_int=\count271
\l__pdf_backend_content_box=\box54
\l__pdf_backend_model_box=\box55
\g__pdf_backend_annotation_int=\count272
\g__pdf_backend_link_int=\count273
\g__pdf_backend_link_sf_int=\count274
)
No file jl_t4B0xChmbC.aux.
\openout1 = `jl_t4B0xChmbC.aux'.

LaTeX Font Info:    Checking defaults for OML/cmm/m/it on input line 4.
LaTeX Font Info:    ... okay on input line 4.
LaTeX Font Info:    Checking defaults for OMS/cmsy/m/n on input line 4.
LaTeX Font Info:    ... okay on input line 4.
LaTeX Font Info:    Checking defaults for OT1/cmr/m/n on input line 4.
LaTeX Font Info:    ... okay on input line 4.
LaTeX Font Info:    Checking defaults for T1/cmr/m/n on input line 4.
LaTeX Font Info:    ... okay on input line 4.
LaTeX Font Info:    Checking defaults for TS1/cmr/m/n on input line 4.
LaTeX Font Info:    ... okay on input line 4.
LaTeX Font Info:    Checking defaults for OMX/cmex/m/n on input line 4.
LaTeX Font Info:    ... okay on input line 4.
LaTeX Font Info:    Checking defaults for U/cmr/m/n on input line 4.
LaTeX Font Info:    ... okay on input line 4.
LaTeX Font Info:    Trying to load font information for U+msa on input line 5.
(/usr/share/texlive/texmf-dist/tex/latex/amsfonts/umsa.fd
File: umsa.fd 2013/01/14 v3.01 AMS symbols A
)
LaTeX Font Info:    Trying to load font information for U+msb on input line 5.

(/usr/share/texlive/texmf-dist/tex/latex/amsfonts/umsb.fd
File: umsb.fd 2013/01/14 v3.01 AMS symbols B
)
! Double superscript.
l.11 \phi_{1,8}&2&\zeta_3^2q\Phi''_3^
                                     2\Phi_4\Phi_6^2\Phi_8\Phi''''_{12}\Phi_...

? 
! Double superscript.
l.12 \phi_{1,16}&3&\zeta_3q\Phi'_3^
                                   2\Phi_4\Phi_6^2\Phi_8\Phi'''_{12}\Phi_{24...

? 
! Double superscript.
l.19 ...\zeta_3^2*(-2+\sqrt{6}))q\Phi_2^2\Phi''_3^
                                                  2\Phi_4\Phi_6^2\Phi''''''_...

? 
! Double superscript.
l.20 \phi_{2,8}&11&-\zeta_3^2q\Phi_2^2\Phi''_3^
                                               2\Phi'_6^2\Phi_8\Phi_{12}\Phi...

? 
! Double superscript.
l.20 ...}&11&-\zeta_3^2q\Phi_2^2\Phi''_3^2\Phi'_6^
                                                  2\Phi_8\Phi_{12}\Phi_{24}/...

? 
! Double superscript.
l.21 ...\zeta_3^2*(-2-\sqrt{6}))q\Phi_2^2\Phi''_3^
                                                  2\Phi_4\Phi_6^2\Phi'''''_8...

? 
! Double superscript.
l.22 ...3&(\zeta_3*(-2+\sqrt{6}))q\Phi_2^2\Phi'_3^
                                                  2\Phi_4\Phi_6^2\Phi'''''_8...

? 
! Double superscript.
l.23 \phi_{2,4}&14&-\zeta_3q\Phi_2^2\Phi'_3^
                                            2\Phi''_6^2\Phi_8\Phi_{12}\Phi_{...

? 
! Double superscript.
l.23 ...,4}&14&-\zeta_3q\Phi_2^2\Phi'_3^2\Phi''_6^
                                                  2\Phi_8\Phi_{12}\Phi_{24}/...

? 
! Double superscript.
l.24 ...5&(\zeta_3*(-2-\sqrt{6}))q\Phi_2^2\Phi'_3^
                                                  2\Phi_4\Phi_6^2\Phi''''''_...

? 
! Double superscript.
l.25 ...{3,2}&16&-\zeta_3^2q\Phi_3^2\Phi_4\Phi'_6^
                                                  2\Phi_8\Phi''''_{12}\Phi_{...

? 
! Double superscript.
l.27 ..._{3,4}&18&-\zeta_3q\Phi_3^2\Phi_4\Phi''_6^
                                                  2\Phi_8\Phi'''_{12}\Phi_{2...

? 
! Double superscript.
l.34 ...a_3^2q\Phi_1\Phi_2^2\Phi'_3\Phi_4\Phi''_6^
                                                  2\Phi_8\Phi'''_{12}\Phi_{2...

? 
! Double superscript.
l.35 ...eta_3q\Phi_1\Phi_2^2\Phi''_3\Phi_4\Phi'_6^
                                                  2\Phi_8\Phi''''_{12}\Phi_{...

? 
! Double superscript.
l.38 ...\sqrt{6}))q\Phi_1^2\Phi_3^2\Phi_4\Phi''_6^
                                                  2\Phi''''''_8\Phi_{12}\Phi...

? 
! Double superscript.
l.39 ...\sqrt{6}))q\Phi_1^2\Phi_3^2\Phi_4\Phi''_6^
                                                  2\Phi'''''_8\Phi_{12}\Phi'...

? 
! Double superscript.
l.40 ...-\sqrt{6}))q\Phi_1^2\Phi_3^2\Phi_4\Phi'_6^
                                                  2\Phi'''''_8\Phi_{12}\Phi'...

? 
! Double superscript.
l.41 ...+\sqrt{6}))q\Phi_1^2\Phi_3^2\Phi_4\Phi'_6^
                                                  2\Phi''''''_8\Phi_{12}\Phi...

? 
! Double superscript.
l.43 G_{14}[1]&34&-\zeta_3q\Phi_1^2\Phi'_3^
                                           2\Phi''_6^2\Phi_8\Phi_{12}\Phi_{2...

? 
! Double superscript.
l.43 ...[1]&34&-\zeta_3q\Phi_1^2\Phi'_3^2\Phi''_6^
                                                  2\Phi_8\Phi_{12}\Phi_{24}/...

? 
! Double superscript.
l.44 G_{14}^2[1]&35&-\zeta_3^2q\Phi_1^2\Phi''_3^
                                                2\Phi'_6^2\Phi_8\Phi_{12}\Ph...

? 
! Double superscript.
l.44 ...]&35&-\zeta_3^2q\Phi_1^2\Phi''_3^2\Phi'_6^
                                                  2\Phi_8\Phi_{12}\Phi_{24}/...

? 
! Double superscript.
l.45 ...a_3^2]&36&\zeta_3^2q\Phi_1^2\Phi_2\Phi'_3^
                                                  2\Phi_4\Phi''_6\Phi_8\Phi'...

? 
! Double superscript.
l.46 ...ta_3^2]&37&\zeta_3q\Phi_1^2\Phi_2\Phi''_3^
                                                  2\Phi_4\Phi'_6\Phi_8\Phi''...

? 
! Double superscript.
l.49 ...eta_3]&40&q\Phi_1^2\Phi_2^2\Phi_4\Phi''_6^
                                                  2\Phi_8\Phi''''_{12}\Phi_{...

? 
! Double superscript.
l.50 ...zeta_3]&41&q\Phi_1^2\Phi_2^2\Phi_4\Phi'_6^
                                                  2\Phi_8\Phi'''_{12}\Phi_{2...

? 
! Double superscript.
l.51 ...}^3[\zeta_3]&42&-q\Phi_1^2\Phi_2^2\Phi'_3^
                                                  2\Phi_4\Phi_8\Phi''''_{12}...

? 
! Double superscript.
l.52 ...^4[\zeta_3]&43&-q\Phi_1^2\Phi_2^2\Phi''_3^
                                                  2\Phi_4\Phi_8\Phi'''_{12}\...

? 
! Double superscript.
l.76 ...^2]&67&\zeta_3q^6\Phi_1^2\Phi_2^2\Phi''_3^
                                                  2\Phi_4\Phi'_6^2\Phi_8\Phi...

? 
! Double superscript.
l.76 ...^6\Phi_1^2\Phi_2^2\Phi''_3^2\Phi_4\Phi'_6^
                                                  2\Phi_8\Phi''''_{12}\Phi'_...

? 
! Double superscript.
l.77 ...2]&68&\zeta_3^2q^6\Phi_1^2\Phi_2^2\Phi'_3^
                                                  2\Phi_4\Phi''_6^2\Phi_8\Ph...

? 
! Double superscript.
l.77 ...^6\Phi_1^2\Phi_2^2\Phi'_3^2\Phi_4\Phi''_6^
                                                  2\Phi_8\Phi'''_{12}\Phi''_...

? 
! Double superscript.
l.78 ...^5]&69&\zeta_3q^6\Phi_1^2\Phi_2^2\Phi''_3^
                                                  2\Phi_4\Phi'_6^2\Phi_8\Phi...

? 
! Double superscript.
l.78 ...^6\Phi_1^2\Phi_2^2\Phi''_3^2\Phi_4\Phi'_6^
                                                  2\Phi_8\Phi''''_{12}\Phi'_...

? 
! Double superscript.
l.79 ...5]&70&\zeta_3^2q^6\Phi_1^2\Phi_2^2\Phi'_3^
                                                  2\Phi_4\Phi''_6^2\Phi_8\Ph...

? 
! Double superscript.
l.79 ...^6\Phi_1^2\Phi_2^2\Phi'_3^2\Phi_4\Phi''_6^
                                                  2\Phi_8\Phi'''_{12}\Phi''_...

? 
! Double superscript.
l.80 ...^8]&71&\zeta_3q^6\Phi_1^2\Phi_2^2\Phi''_3^
                                                  2\Phi_4\Phi'_6^2\Phi_8\Phi...

? 
! Double superscript.
l.80 ...^6\Phi_1^2\Phi_2^2\Phi''_3^2\Phi_4\Phi'_6^
                                                  2\Phi_8\Phi''''_{12}\Phi'_...

? 
! Double superscript.
l.81 ...8]&72&\zeta_3^2q^6\Phi_1^2\Phi_2^2\Phi'_3^
                                                  2\Phi_4\Phi''_6^2\Phi_8\Ph...

? 
! Double superscript.
l.81 ...^6\Phi_1^2\Phi_2^2\Phi'_3^2\Phi_4\Phi''_6^
                                                  2\Phi_8\Phi'''_{12}\Phi''_...

? 

Overfull \hbox (142.49213pt too wide) detected at line 90
[]
 []

[1

]
Overfull \vbox (447.10803pt too high) has occurred while \output is active []


[2] (./jl_t4B0xChmbC.aux) ) 
Here is how much of TeX's memory you used:
 1681 strings out of 479955
 24275 string characters out of 5886826
 413947 words of memory out of 5000000
 19939 multiletter control sequences out of 15000+600000
 470958 words of font info for 36 fonts, out of 8000000 for 9000
 14 hyphenation exceptions out of 8191
 54i,6n,62p,231b,111s stack positions out of 10000i,1000n,20000p,200000b,200000s

Output written on jl_t4B0xChmbC.dvi (2 pages, 27400 bytes).
